d:\c\survivors of teyvat\x64\release\vc143.pdb
d:\c\survivors of teyvat\x64\release\putimage_alpha.obj
d:\c\survivors of teyvat\x64\release\player.obj
d:\c\survivors of teyvat\x64\release\main.obj
d:\c\survivors of teyvat\x64\release\enemy.obj
d:\c\survivors of teyvat\x64\release\buttn.obj
d:\c\survivors of teyvat\x64\release\bullet.obj
d:\c\survivors of teyvat\x64\release\atlas.obj
d:\c\survivors of teyvat\x64\release\animation.obj
d:\c\survivors of teyvat\x64\release\survivors of teyvat.exe
d:\c\survivors of teyvat\x64\release\survivors of teyvat.pdb
d:\c\survivors of teyvat\x64\release\survivors of teyvat.ipdb
d:\c\survivors of teyvat\x64\release\survivors of teyvat.iobj
d:\c\survivors of teyvat\x64\release\survivor.157b20dc.tlog\cl.command.1.tlog
d:\c\survivors of teyvat\x64\release\survivor.157b20dc.tlog\cl.items.tlog
d:\c\survivors of teyvat\x64\release\survivor.157b20dc.tlog\cl.read.1.tlog
d:\c\survivors of teyvat\x64\release\survivor.157b20dc.tlog\cl.write.1.tlog
d:\c\survivors of teyvat\x64\release\survivor.157b20dc.tlog\link.command.1.tlog
d:\c\survivors of teyvat\x64\release\survivor.157b20dc.tlog\link.read.1.tlog
d:\c\survivors of teyvat\x64\release\survivor.157b20dc.tlog\link.write.1.tlog
d:\c\survivors of teyvat\x64\release\survivor.157b20dc.tlog\link.write.2u.tlog
